10200
1800
3431
DistilBERTClassifier(
  (distilbert): DistilBertModel(
    (embeddings): Embeddings(
      (word_embeddings): Embedding(30522, 768, padding_idx=0)
      (position_embeddings): Embedding(512, 768)
      (LayerNorm): LayerNorm((768,), eps=1e-12, elementwise_affine=True)
      (dropout): Dropout(p=0.1, inplace=False)
    )
    (transformer): Transformer(
      (layer): ModuleList(
        (0-5): 6 x TransformerBlock(
          (attention): DistilBertSdpaAttention(
            (dropout): Dropout(p=0.1, inplace=False)
            (q_lin): Linear(in_features=768, out_features=768, bias=True)
            (k_lin): Linear(in_features=768, out_features=768, bias=True)
            (v_lin): Linear(in_features=768, out_features=768, bias=True)
            (out_lin): Linear(in_features=768, out_features=768, bias=True)
          )
          (sa_layer_norm): LayerNorm((768,), eps=1e-12, elementwise_affine=True)
          (ffn): FFN(
            (dropout): Dropout(p=0.1, inplace=False)
            (lin1): Linear(in_features=768, out_features=3072, bias=True)
            (lin2): Linear(in_features=3072, out_features=768, bias=True)
            (activation): GELUActivation()
          )
          (output_layer_norm): LayerNorm((768,), eps=1e-12, elementwise_affine=True)
        )
      )
    )
  )
  (drop): Dropout(p=0.3, inplace=False)
  (out): Linear(in_features=768, out_features=4, bias=True)
)
Epoch: 1, Train Loss: 0.4635, Train Correct: 83.0098%
Epoch: 1, Val Loss: 0.3333, Val Correct: 88.2778%
saving model
Epoch: 2, Train Loss: 0.2644, Train Correct: 90.6176%
Epoch: 2, Val Loss: 0.3244, Val Correct: 88.7222%
saving model
Epoch: 3, Train Loss: 0.1981, Train Correct: 93.0686%
Epoch: 3, Val Loss: 0.3288, Val Correct: 89.5556%
saving model
Epoch: 4, Train Loss: 0.1601, Train Correct: 94.4510%
Epoch: 4, Val Loss: 0.3400, Val Correct: 88.9444%
Epoch: 5, Train Loss: 0.1331, Train Correct: 95.3431%
Epoch: 5, Val Loss: 0.3578, Val Correct: 89.6111%
saving model
Epoch: 6, Train Loss: 0.1182, Train Correct: 95.8824%
Epoch: 6, Val Loss: 0.3520, Val Correct: 89.6111%
Epoch: 7, Train Loss: 0.1035, Train Correct: 96.3137%
Epoch: 7, Val Loss: 0.4138, Val Correct: 89.1667%
Epoch: 8, Train Loss: 0.0959, Train Correct: 96.4510%
Epoch: 8, Val Loss: 0.4247, Val Correct: 88.9444%
Epoch: 9, Train Loss: 0.0891, Train Correct: 96.8529%
Epoch: 9, Val Loss: 0.4276, Val Correct: 89.2222%
Epoch: 10, Train Loss: 0.0826, Train Correct: 97.0392%
Epoch: 10, Val Loss: 0.4358, Val Correct: 89.3889%
Accuracy:  0.8406
[[492 107  27  69]
 [ 49 967  38  31]
 [ 28  19 742  10]
 [ 76  74  19 683]]
